C:\USERS\администратор\DOCUMENTS\VISUAL STUDIO 2012\PROJECTS\OPTIMIZATION_LAB3\OPTIMIZATION_LAB3\DEBUG\CJORDANMTR.OBJ
C:\USERS\Администратор\DOCUMENTS\VISUAL STUDIO 2012\PROJECTS\OPTIMIZATION_LAB3\OPTIMIZATION_LAB3\DEBUG\MAIN.OBJ
C:\USERS\АДМИНИСТРАТОР\DOCUMENTS\VISUAL STUDIO 2012\PROJECTS\OPTIMIZATION_LAB3\OPTIMIZATION_LAB3\DEBUG\VC110.PDB
C:\USERS\Администратор\DOCUMENTS\VISUAL STUDIO 2012\PROJECTS\OPTIMIZATION_LAB3\OPTIMIZATION_LAB3\DEBUG\CJORDANMTR.OBJ
C:\USERS\Администратор\DOCUMENTS\VISUAL STUDIO 2012\PROJECTS\OPTIMIZATION_LAB3\DEBUG\OPTIMIZATION_LAB3.ILK
C:\USERS\Администратор\DOCUMENTS\VISUAL STUDIO 2012\PROJECTS\OPTIMIZATION_LAB3\DEBUG\OPTIMIZATION_LAB3.EXE
C:\USERS\АДМИНИСТРАТОР\DOCUMENTS\VISUAL STUDIO 2012\PROJECTS\OPTIMIZATION_LAB3\DEBUG\OPTIMIZATION_LAB3.PDB
C:\Users\Администратор\documents\visual studio 2012\Projects\OPTIMIZATION_Lab3\OPTIMIZATION_Lab3\Debug\cJordanMtr.obj
C:\Users\Администратор\documents\visual studio 2012\Projects\OPTIMIZATION_Lab3\OPTIMIZATION_Lab3\Debug\main.obj
C:\Users\Администратор\documents\visual studio 2012\Projects\OPTIMIZATION_Lab3\OPTIMIZATION_Lab3\Debug\cl.command.1.tlog
C:\Users\Администратор\documents\visual studio 2012\Projects\OPTIMIZATION_Lab3\OPTIMIZATION_Lab3\Debug\CL.read.1.tlog
C:\Users\Администратор\documents\visual studio 2012\Projects\OPTIMIZATION_Lab3\OPTIMIZATION_Lab3\Debug\CL.write.1.tlog
C:\Users\Администратор\documents\visual studio 2012\Projects\OPTIMIZATION_Lab3\OPTIMIZATION_Lab3\Debug\link-cvtres.read.1.tlog
C:\Users\Администратор\documents\visual studio 2012\Projects\OPTIMIZATION_Lab3\OPTIMIZATION_Lab3\Debug\link-cvtres.write.1.tlog
C:\Users\Администратор\documents\visual studio 2012\Projects\OPTIMIZATION_Lab3\OPTIMIZATION_Lab3\Debug\link-rc.read.1.tlog
C:\Users\Администратор\documents\visual studio 2012\Projects\OPTIMIZATION_Lab3\OPTIMIZATION_Lab3\Debug\link-rc.write.1.tlog
C:\Users\Администратор\documents\visual studio 2012\Projects\OPTIMIZATION_Lab3\OPTIMIZATION_Lab3\Debug\link.command.1.tlog
C:\Users\Администратор\documents\visual studio 2012\Projects\OPTIMIZATION_Lab3\OPTIMIZATION_Lab3\Debug\link.read.1.tlog
C:\Users\Администратор\documents\visual studio 2012\Projects\OPTIMIZATION_Lab3\OPTIMIZATION_Lab3\Debug\link.write.1.tlog
C:\Users\Администратор\documents\visual studio 2012\Projects\OPTIMIZATION_Lab3\OPTIMIZATION_Lab3\Debug\vc110.idb
C:\Users\Администратор\documents\visual studio 2012\Projects\OPTIMIZATION_Lab3\OPTIMIZATION_Lab3\Debug\vc110.pdb
C:\Users\Администратор\documents\visual studio 2012\Projects\OPTIMIZATION_Lab3\Debug\OPTIMIZATION_Lab3.pdb
C:\Users\Администратор\documents\visual studio 2012\Projects\OPTIMIZATION_Lab3\Debug\OPTIMIZATION_Lab3.exe
C:\Users\Администратор\documents\visual studio 2012\Projects\OPTIMIZATION_Lab3\Debug\OPTIMIZATION_Lab3.ilk
